<?xml version="1.0" encoding="UTF-8"?>

<persistence xmlns="http://java.sun.com/xml/ns/persistence" version="1.0">
	<persistence-unit name="testPU" transaction-type="RESOURCE_LOCAL">
        <provider>org.hibernate.ejb.HibernatePersistence</provider>
		<class>com.realtv.domain.Question</class>
		<class>com.realtv.domain.Answer</class>
		<class>com.realtv.domain.Theme</class>
		<class>com.realtv.domain.QuestionLevel</class>
		<class>com.realtv.domain.Show</class>
		<class>com.realtv.domain.ShowType</class>
		<class>com.realtv.domain.Client</class>
		<class>com.realtv.domain.AndroidNotificationServer</class>
		<class>com.realtv.domain.ClientHistory</class>
		<class>com.realtv.domain.ShowParticipation</class>
        <properties>
        	<prop key="hibernate.max_fetch_depth">3</prop>
        	<!-- disable second lvl caching -->
        	<prop name="hibernate.cache.provider_class" value="org.hibernate.cache.NoCacheProvider"/>
        	<!-- Development settings -->
	        <property name="hibernate.hbm2ddl.auto" value="create-drop" />
        	<!--  <property name="hibernate.show_sql" value="true" />
        	<property name="hibernate.format_sql" value="true" />
        	<property name="hibernate.generate_statistics" value="true" />
        	<prop name="hibernate.bytecode.use_reflection_optimizer" value="false"/>-->
        	
        </properties>
	</persistence-unit>
</persistence>